<?xml version="1.0" encoding="UTF-8"?>
<robot generator="Robot 6.1.1 (Python 3.10.7 on win32)" generated="20231113 23:54:45.321" rpa="false" schemaversion="4">
<suite id="s1" name="Tests" source="C:\Users\99pat\ohtu23\viikko3\web-login\src\tests">
<suite id="s1-s1" name="Home" source="C:\Users\99pat\ohtu23\viikko3\web-login\src\tests\home.robot">
<kw name="Open And Configure Browser" library="resource" type="SETUP">
<kw name="Evaluate" library="BuiltIn">
<var>${options}</var>
<arg>sys.modules['selenium.webdriver'].ChromeOptions()</arg>
<arg>sys</arg>
<doc>Evaluates the given expression in Python and returns the result.</doc>
<msg timestamp="20231113 23:54:47.726" level="INFO">${options} = &lt;selenium.webdriver.chrome.options.Options object at 0x000001DF03CF28F0&gt;</msg>
<status status="PASS" starttime="20231113 23:54:47.725" endtime="20231113 23:54:47.726"/>
</kw>
<kw name="Call Method" library="BuiltIn">
<arg>${options}</arg>
<arg>add_argument</arg>
<arg>--no-sandbox</arg>
<doc>Calls the named method of the given object with the provided arguments.</doc>
<status status="PASS" starttime="20231113 23:54:47.726" endtime="20231113 23:54:47.726"/>
</kw>
<kw name="Open Browser" library="SeleniumLibrary">
<arg>browser=chrome</arg>
<arg>options=${options}</arg>
<doc>Opens a new browser instance to the optional ``url``.</doc>
<msg timestamp="20231113 23:54:47.727" level="INFO">Opening browser 'chrome' to base url 'None'.</msg>
<status status="PASS" starttime="20231113 23:54:47.726" endtime="20231113 23:54:49.738"/>
</kw>
<kw name="Set Selenium Speed" library="SeleniumLibrary">
<arg>${DELAY}</arg>
<doc>Sets the delay that is waited after each Selenium command.</doc>
<status status="PASS" starttime="20231113 23:54:49.738" endtime="20231113 23:54:49.739"/>
</kw>
<status status="PASS" starttime="20231113 23:54:47.725" endtime="20231113 23:54:49.739"/>
</kw>
<test id="s1-s1-t1" name="Click Login Link" line="8">
<kw name="Go To Main Page" library="resource" type="SETUP">
<kw name="Go To" library="SeleniumLibrary">
<arg>${HOME_URL}</arg>
<doc>Navigates the current browser window to the provided ``url``.</doc>
<msg timestamp="20231113 23:54:49.741" level="INFO">Opening url 'http://localhost:5001'</msg>
<status status="PASS" starttime="20231113 23:54:49.740" endtime="20231113 23:54:50.614"/>
</kw>
<status status="PASS" starttime="20231113 23:54:49.740" endtime="20231113 23:54:50.614"/>
</kw>
<kw name="Click Link" library="SeleniumLibrary">
<arg>Login</arg>
<doc>Clicks a link identified by ``locator``.</doc>
<msg timestamp="20231113 23:54:50.615" level="INFO">Clicking link 'Login'.</msg>
<status status="PASS" starttime="20231113 23:54:50.614" endtime="20231113 23:54:52.282"/>
</kw>
<kw name="Login Page Should Be Open" library="resource">
<kw name="Title Should Be" library="SeleniumLibrary">
<arg>Login</arg>
<doc>Verifies that the current page title equals ``title``.</doc>
<msg timestamp="20231113 23:54:52.800" level="INFO">Page title is 'Login'.</msg>
<status status="PASS" starttime="20231113 23:54:52.283" endtime="20231113 23:54:52.800"/>
</kw>
<status status="PASS" starttime="20231113 23:54:52.282" endtime="20231113 23:54:52.800"/>
</kw>
<status status="PASS" starttime="20231113 23:54:49.739" endtime="20231113 23:54:52.800"/>
</test>
<test id="s1-s1-t2" name="Click Register Link" line="12">
<kw name="Go To Main Page" library="resource" type="SETUP">
<kw name="Go To" library="SeleniumLibrary">
<arg>${HOME_URL}</arg>
<doc>Navigates the current browser window to the provided ``url``.</doc>
<msg timestamp="20231113 23:54:52.803" level="INFO">Opening url 'http://localhost:5001'</msg>
<status status="PASS" starttime="20231113 23:54:52.803" endtime="20231113 23:54:53.334"/>
</kw>
<status status="PASS" starttime="20231113 23:54:52.803" endtime="20231113 23:54:53.334"/>
</kw>
<kw name="Click Link" library="SeleniumLibrary">
<arg>Register new user</arg>
<doc>Clicks a link identified by ``locator``.</doc>
<msg timestamp="20231113 23:54:53.335" level="INFO">Clicking link 'Register new user'.</msg>
<status status="PASS" starttime="20231113 23:54:53.334" endtime="20231113 23:54:54.928"/>
</kw>
<kw name="Register Page Should Be Open" library="resource">
<kw name="Title Should Be" library="SeleniumLibrary">
<arg>Register</arg>
<doc>Verifies that the current page title equals ``title``.</doc>
<msg timestamp="20231113 23:54:55.446" level="INFO">Page title is 'Register'.</msg>
<status status="PASS" starttime="20231113 23:54:54.929" endtime="20231113 23:54:55.446"/>
</kw>
<status status="PASS" starttime="20231113 23:54:54.928" endtime="20231113 23:54:55.446"/>
</kw>
<status status="PASS" starttime="20231113 23:54:52.802" endtime="20231113 23:54:55.446"/>
</test>
<kw name="Close Browser" library="SeleniumLibrary" type="TEARDOWN">
<doc>Closes the current browser.</doc>
<status status="PASS" starttime="20231113 23:54:55.448" endtime="20231113 23:54:59.205"/>
</kw>
<status status="PASS" starttime="20231113 23:54:45.357" endtime="20231113 23:54:59.205"/>
</suite>
<suite id="s1-s2" name="Login" source="C:\Users\99pat\ohtu23\viikko3\web-login\src\tests\login.robot">
<kw name="Open And Configure Browser" library="resource" type="SETUP">
<kw name="Evaluate" library="BuiltIn">
<var>${options}</var>
<arg>sys.modules['selenium.webdriver'].ChromeOptions()</arg>
<arg>sys</arg>
<doc>Evaluates the given expression in Python and returns the result.</doc>
<msg timestamp="20231113 23:54:59.216" level="INFO">${options} = &lt;selenium.webdriver.chrome.options.Options object at 0x000001DF03CF3760&gt;</msg>
<status status="PASS" starttime="20231113 23:54:59.216" endtime="20231113 23:54:59.216"/>
</kw>
<kw name="Call Method" library="BuiltIn">
<arg>${options}</arg>
<arg>add_argument</arg>
<arg>--no-sandbox</arg>
<doc>Calls the named method of the given object with the provided arguments.</doc>
<status status="PASS" starttime="20231113 23:54:59.217" endtime="20231113 23:54:59.217"/>
</kw>
<kw name="Open Browser" library="SeleniumLibrary">
<arg>browser=chrome</arg>
<arg>options=${options}</arg>
<doc>Opens a new browser instance to the optional ``url``.</doc>
<msg timestamp="20231113 23:54:59.218" level="INFO">Opening browser 'chrome' to base url 'None'.</msg>
<status status="PASS" starttime="20231113 23:54:59.217" endtime="20231113 23:55:01.262"/>
</kw>
<kw name="Set Selenium Speed" library="SeleniumLibrary">
<arg>${DELAY}</arg>
<doc>Sets the delay that is waited after each Selenium command.</doc>
<status status="PASS" starttime="20231113 23:55:01.262" endtime="20231113 23:55:01.262"/>
</kw>
<status status="PASS" starttime="20231113 23:54:59.216" endtime="20231113 23:55:01.262"/>
</kw>
<test id="s1-s2-t1" name="Login With Correct Credentials" line="8">
<kw name="Create User And Go To Login Page" type="SETUP">
<kw name="Create User" library="AppLibrary">
<arg>kalle</arg>
<arg>kalle123</arg>
<status status="PASS" starttime="20231113 23:55:01.264" endtime="20231113 23:55:07.398"/>
</kw>
<kw name="Go To Login Page" library="resource">
<kw name="Go To" library="SeleniumLibrary">
<arg>${LOGIN_URL}</arg>
<doc>Navigates the current browser window to the provided ``url``.</doc>
<msg timestamp="20231113 23:55:07.400" level="INFO">Opening url 'http://localhost:5001/login'</msg>
<status status="PASS" starttime="20231113 23:55:07.399" endtime="20231113 23:55:08.285"/>
</kw>
<status status="PASS" starttime="20231113 23:55:07.398" endtime="20231113 23:55:08.285"/>
</kw>
<kw name="Login Page Should Be Open" library="resource">
<kw name="Title Should Be" library="SeleniumLibrary">
<arg>Login</arg>
<doc>Verifies that the current page title equals ``title``.</doc>
<msg timestamp="20231113 23:55:08.805" level="INFO">Page title is 'Login'.</msg>
<status status="PASS" starttime="20231113 23:55:08.285" endtime="20231113 23:55:08.805"/>
</kw>
<status status="PASS" starttime="20231113 23:55:08.285" endtime="20231113 23:55:08.805"/>
</kw>
<status status="PASS" starttime="20231113 23:55:01.263" endtime="20231113 23:55:08.805"/>
</kw>
<kw name="Set Username">
<arg>kalle</arg>
<kw name="Input Text" library="SeleniumLibrary">
<arg>username</arg>
<arg>${username}</arg>
<doc>Types the given ``text`` into the text field identified by ``locator``.</doc>
<msg timestamp="20231113 23:55:08.807" level="INFO">Typing text 'kalle' into text field 'username'.</msg>
<status status="PASS" starttime="20231113 23:55:08.806" endtime="20231113 23:55:10.454"/>
</kw>
<status status="PASS" starttime="20231113 23:55:08.805" endtime="20231113 23:55:10.454"/>
</kw>
<kw name="Set Password">
<arg>kalle123</arg>
<kw name="Input Password" library="SeleniumLibrary">
<arg>password</arg>
<arg>${password}</arg>
<doc>Types the given password into the text field identified by ``locator``.</doc>
<msg timestamp="20231113 23:55:10.455" level="INFO">Typing password into text field 'password'.</msg>
<msg timestamp="20231113 23:55:11.518" level="INFO">Temporally setting log level to: NONE</msg>
<msg timestamp="20231113 23:55:12.075" level="INFO">Log level changed from NONE to INFO.</msg>
<status status="PASS" starttime="20231113 23:55:10.455" endtime="20231113 23:55:12.075"/>
</kw>
<status status="PASS" starttime="20231113 23:55:10.454" endtime="20231113 23:55:12.075"/>
</kw>
<kw name="Submit Credentials">
<kw name="Click Button" library="SeleniumLibrary">
<arg>Login</arg>
<doc>Clicks the button identified by ``locator``.</doc>
<msg timestamp="20231113 23:55:12.076" level="INFO">Clicking button 'Login'.</msg>
<status status="PASS" starttime="20231113 23:55:12.076" endtime="20231113 23:55:14.528"/>
</kw>
<status status="PASS" starttime="20231113 23:55:12.076" endtime="20231113 23:55:14.528"/>
</kw>
<kw name="Login Should Succeed">
<kw name="Main Page Should Be Open" library="resource">
<kw name="Title Should Be" library="SeleniumLibrary">
<arg>Ohtu Application main page</arg>
<doc>Verifies that the current page title equals ``title``.</doc>
<msg timestamp="20231113 23:55:15.051" level="INFO">Page title is 'Ohtu Application main page'.</msg>
<status status="PASS" starttime="20231113 23:55:14.530" endtime="20231113 23:55:15.051"/>
</kw>
<status status="PASS" starttime="20231113 23:55:14.530" endtime="20231113 23:55:15.051"/>
</kw>
<status status="PASS" starttime="20231113 23:55:14.530" endtime="20231113 23:55:15.051"/>
</kw>
<status status="PASS" starttime="20231113 23:55:01.263" endtime="20231113 23:55:15.052"/>
</test>
<test id="s1-s2-t2" name="Login With Incorrect Password" line="14">
<kw name="Create User And Go To Login Page" type="SETUP">
<kw name="Create User" library="AppLibrary">
<arg>kalle</arg>
<arg>kalle123</arg>
<status status="PASS" starttime="20231113 23:55:15.054" endtime="20231113 23:55:21.186"/>
</kw>
<kw name="Go To Login Page" library="resource">
<kw name="Go To" library="SeleniumLibrary">
<arg>${LOGIN_URL}</arg>
<doc>Navigates the current browser window to the provided ``url``.</doc>
<msg timestamp="20231113 23:55:21.187" level="INFO">Opening url 'http://localhost:5001/login'</msg>
<status status="PASS" starttime="20231113 23:55:21.187" endtime="20231113 23:55:22.023"/>
</kw>
<status status="PASS" starttime="20231113 23:55:21.186" endtime="20231113 23:55:22.023"/>
</kw>
<kw name="Login Page Should Be Open" library="resource">
<kw name="Title Should Be" library="SeleniumLibrary">
<arg>Login</arg>
<doc>Verifies that the current page title equals ``title``.</doc>
<msg timestamp="20231113 23:55:22.531" level="INFO">Page title is 'Login'.</msg>
<status status="PASS" starttime="20231113 23:55:22.023" endtime="20231113 23:55:22.531"/>
</kw>
<status status="PASS" starttime="20231113 23:55:22.023" endtime="20231113 23:55:22.531"/>
</kw>
<status status="PASS" starttime="20231113 23:55:15.054" endtime="20231113 23:55:22.531"/>
</kw>
<kw name="Set Username">
<arg>kalle</arg>
<kw name="Input Text" library="SeleniumLibrary">
<arg>username</arg>
<arg>${username}</arg>
<doc>Types the given ``text`` into the text field identified by ``locator``.</doc>
<msg timestamp="20231113 23:55:22.533" level="INFO">Typing text 'kalle' into text field 'username'.</msg>
<status status="PASS" starttime="20231113 23:55:22.532" endtime="20231113 23:55:24.146"/>
</kw>
<status status="PASS" starttime="20231113 23:55:22.532" endtime="20231113 23:55:24.146"/>
</kw>
<kw name="Set Password">
<arg>kalle456</arg>
<kw name="Input Password" library="SeleniumLibrary">
<arg>password</arg>
<arg>${password}</arg>
<doc>Types the given password into the text field identified by ``locator``.</doc>
<msg timestamp="20231113 23:55:24.148" level="INFO">Typing password into text field 'password'.</msg>
<msg timestamp="20231113 23:55:25.207" level="INFO">Temporally setting log level to: NONE</msg>
<msg timestamp="20231113 23:55:25.762" level="INFO">Log level changed from NONE to INFO.</msg>
<status status="PASS" starttime="20231113 23:55:24.147" endtime="20231113 23:55:25.762"/>
</kw>
<status status="PASS" starttime="20231113 23:55:24.146" endtime="20231113 23:55:25.762"/>
</kw>
<kw name="Submit Credentials">
<kw name="Click Button" library="SeleniumLibrary">
<arg>Login</arg>
<doc>Clicks the button identified by ``locator``.</doc>
<msg timestamp="20231113 23:55:25.763" level="INFO">Clicking button 'Login'.</msg>
<status status="PASS" starttime="20231113 23:55:25.763" endtime="20231113 23:55:27.858"/>
</kw>
<status status="PASS" starttime="20231113 23:55:25.763" endtime="20231113 23:55:27.858"/>
</kw>
<kw name="Login Should Fail With Message">
<arg>Invalid username or password</arg>
<kw name="Login Page Should Be Open" library="resource">
<kw name="Title Should Be" library="SeleniumLibrary">
<arg>Login</arg>
<doc>Verifies that the current page title equals ``title``.</doc>
<msg timestamp="20231113 23:55:28.367" level="INFO">Page title is 'Login'.</msg>
<status status="PASS" starttime="20231113 23:55:27.859" endtime="20231113 23:55:28.367"/>
</kw>
<status status="PASS" starttime="20231113 23:55:27.859" endtime="20231113 23:55:28.367"/>
</kw>
<kw name="Page Should Contain" library="SeleniumLibrary">
<arg>${message}</arg>
<doc>Verifies that current page contains ``text``.</doc>
<msg timestamp="20231113 23:55:29.403" level="INFO">Current page contains text 'Invalid username or password'.</msg>
<status status="PASS" starttime="20231113 23:55:28.367" endtime="20231113 23:55:29.403"/>
</kw>
<status status="PASS" starttime="20231113 23:55:27.858" endtime="20231113 23:55:29.403"/>
</kw>
<status status="PASS" starttime="20231113 23:55:15.053" endtime="20231113 23:55:29.403"/>
</test>
<kw name="Close Browser" library="SeleniumLibrary" type="TEARDOWN">
<doc>Closes the current browser.</doc>
<status status="PASS" starttime="20231113 23:55:29.406" endtime="20231113 23:55:33.164"/>
</kw>
<status status="PASS" starttime="20231113 23:54:59.208" endtime="20231113 23:55:33.164"/>
</suite>
<status status="PASS" starttime="20231113 23:54:45.323" endtime="20231113 23:55:33.167"/>
</suite>
<statistics>
<total>
<stat pass="4" fail="0" skip="0">All Tests</stat>
</total>
<tag>
</tag>
<suite>
<stat pass="4" fail="0" skip="0" id="s1" name="Tests">Tests</stat>
<stat pass="2" fail="0" skip="0" id="s1-s1" name="Home">Tests.Home</stat>
<stat pass="2" fail="0" skip="0" id="s1-s2" name="Login">Tests.Login</stat>
</suite>
</statistics>
<errors>
</errors>
</robot>
