<?xml version="1.0" encoding="UTF-8"?>
<robot generator="Robot 6.1.1 (Python 3.10.7 on win32)" generated="20231113 23:08:04.683" rpa="false" schemaversion="4">
<suite id="s1" name="Tests" source="C:\Users\99pat\ohtu23\viikko3\login-robot\src\tests">
<suite id="s1-s1" name="Login" source="C:\Users\99pat\ohtu23\viikko3\login-robot\src\tests\login.robot">
<test id="s1-s1-t1" name="Login With Correct Credentials" line="6">
<kw name="Create User And Input Login Command" type="SETUP">
<kw name="Create User" library="AppLibrary">
<arg>kalle</arg>
<arg>kalle123</arg>
<status status="PASS" starttime="20231113 23:08:04.730" endtime="20231113 23:08:04.730"/>
</kw>
<kw name="Input Login Command" library="resource">
<kw name="Input" library="AppLibrary">
<arg>login</arg>
<status status="PASS" starttime="20231113 23:08:04.730" endtime="20231113 23:08:04.730"/>
</kw>
<status status="PASS" starttime="20231113 23:08:04.730" endtime="20231113 23:08:04.730"/>
</kw>
<status status="PASS" starttime="20231113 23:08:04.730" endtime="20231113 23:08:04.730"/>
</kw>
<kw name="Input Credentials" library="resource">
<arg>kalle</arg>
<arg>kalle123</arg>
<kw name="Input" library="AppLibrary">
<arg>${username}</arg>
<status status="PASS" starttime="20231113 23:08:04.730" endtime="20231113 23:08:04.730"/>
</kw>
<kw name="Input" library="AppLibrary">
<arg>${password}</arg>
<status status="PASS" starttime="20231113 23:08:04.730" endtime="20231113 23:08:04.730"/>
</kw>
<kw name="Run Application" library="AppLibrary">
<status status="PASS" starttime="20231113 23:08:04.730" endtime="20231113 23:08:04.730"/>
</kw>
<status status="PASS" starttime="20231113 23:08:04.730" endtime="20231113 23:08:04.730"/>
</kw>
<kw name="Output Should Contain" library="AppLibrary">
<arg>Logged in</arg>
<status status="PASS" starttime="20231113 23:08:04.730" endtime="20231113 23:08:04.730"/>
</kw>
<status status="PASS" starttime="20231113 23:08:04.730" endtime="20231113 23:08:04.730"/>
</test>
<test id="s1-s1-t2" name="Login With Incorrect Password" line="16">
<kw name="Create User And Input Login Command" type="SETUP">
<kw name="Create User" library="AppLibrary">
<arg>kalle</arg>
<arg>kalle123</arg>
<status status="PASS" starttime="20231113 23:08:04.730" endtime="20231113 23:08:04.730"/>
</kw>
<kw name="Input Login Command" library="resource">
<kw name="Input" library="AppLibrary">
<arg>login</arg>
<status status="PASS" starttime="20231113 23:08:04.730" endtime="20231113 23:08:04.730"/>
</kw>
<status status="PASS" starttime="20231113 23:08:04.730" endtime="20231113 23:08:04.730"/>
</kw>
<status status="PASS" starttime="20231113 23:08:04.730" endtime="20231113 23:08:04.730"/>
</kw>
<kw name="Input Credentials" library="resource">
<arg>kalle</arg>
<arg>ellak321</arg>
<kw name="Input" library="AppLibrary">
<arg>${username}</arg>
<status status="PASS" starttime="20231113 23:08:04.730" endtime="20231113 23:08:04.730"/>
</kw>
<kw name="Input" library="AppLibrary">
<arg>${password}</arg>
<status status="PASS" starttime="20231113 23:08:04.730" endtime="20231113 23:08:04.730"/>
</kw>
<kw name="Run Application" library="AppLibrary">
<status status="PASS" starttime="20231113 23:08:04.730" endtime="20231113 23:08:04.730"/>
</kw>
<status status="PASS" starttime="20231113 23:08:04.730" endtime="20231113 23:08:04.730"/>
</kw>
<kw name="Output Should Contain" library="AppLibrary">
<arg>Invalid username or password</arg>
<status status="PASS" starttime="20231113 23:08:04.730" endtime="20231113 23:08:04.730"/>
</kw>
<status status="PASS" starttime="20231113 23:08:04.730" endtime="20231113 23:08:04.730"/>
</test>
<test id="s1-s1-t3" name="Login With Nonexistent Username" line="21">
<kw name="Create User And Input Login Command" type="SETUP">
<kw name="Create User" library="AppLibrary">
<arg>kalle</arg>
<arg>kalle123</arg>
<status status="PASS" starttime="20231113 23:08:04.730" endtime="20231113 23:08:04.730"/>
</kw>
<kw name="Input Login Command" library="resource">
<kw name="Input" library="AppLibrary">
<arg>login</arg>
<status status="PASS" starttime="20231113 23:08:04.730" endtime="20231113 23:08:04.730"/>
</kw>
<status status="PASS" starttime="20231113 23:08:04.730" endtime="20231113 23:08:04.730"/>
</kw>
<status status="PASS" starttime="20231113 23:08:04.730" endtime="20231113 23:08:04.730"/>
</kw>
<kw name="Input Credentials" library="resource">
<arg>ellak</arg>
<arg>ellak321</arg>
<kw name="Input" library="AppLibrary">
<arg>${username}</arg>
<status status="PASS" starttime="20231113 23:08:04.730" endtime="20231113 23:08:04.730"/>
</kw>
<kw name="Input" library="AppLibrary">
<arg>${password}</arg>
<status status="PASS" starttime="20231113 23:08:04.730" endtime="20231113 23:08:04.730"/>
</kw>
<kw name="Run Application" library="AppLibrary">
<status status="PASS" starttime="20231113 23:08:04.730" endtime="20231113 23:08:04.730"/>
</kw>
<status status="PASS" starttime="20231113 23:08:04.730" endtime="20231113 23:08:04.730"/>
</kw>
<kw name="Output Should Contain" library="AppLibrary">
<arg>Invalid username or password</arg>
<status status="PASS" starttime="20231113 23:08:04.730" endtime="20231113 23:08:04.730"/>
</kw>
<status status="PASS" starttime="20231113 23:08:04.730" endtime="20231113 23:08:04.730"/>
</test>
<status status="PASS" starttime="20231113 23:08:04.715" endtime="20231113 23:08:04.730"/>
</suite>
<suite id="s1-s2" name="Register" source="C:\Users\99pat\ohtu23\viikko3\login-robot\src\tests\register.robot">
<test id="s1-s2-t1" name="Register With Valid Username And Password" line="6">
<kw name="Input New Command And Create User" type="SETUP">
<kw name="Create User" library="AppLibrary">
<arg>kalle</arg>
<arg>kalle123</arg>
<status status="PASS" starttime="20231113 23:08:04.746" endtime="20231113 23:08:04.746"/>
</kw>
<kw name="Input New Command" library="resource">
<kw name="Input" library="AppLibrary">
<arg>new</arg>
<status status="PASS" starttime="20231113 23:08:04.746" endtime="20231113 23:08:04.746"/>
</kw>
<status status="PASS" starttime="20231113 23:08:04.746" endtime="20231113 23:08:04.746"/>
</kw>
<status status="PASS" starttime="20231113 23:08:04.746" endtime="20231113 23:08:04.746"/>
</kw>
<kw name="Input Credentials" library="resource">
<arg>ellak</arg>
<arg>321ellak</arg>
<kw name="Input" library="AppLibrary">
<arg>${username}</arg>
<status status="PASS" starttime="20231113 23:08:04.746" endtime="20231113 23:08:04.746"/>
</kw>
<kw name="Input" library="AppLibrary">
<arg>${password}</arg>
<status status="PASS" starttime="20231113 23:08:04.746" endtime="20231113 23:08:04.746"/>
</kw>
<kw name="Run Application" library="AppLibrary">
<status status="PASS" starttime="20231113 23:08:04.746" endtime="20231113 23:08:04.746"/>
</kw>
<status status="PASS" starttime="20231113 23:08:04.746" endtime="20231113 23:08:04.746"/>
</kw>
<kw name="Output Should Contain" library="AppLibrary">
<arg>New user registered</arg>
<status status="PASS" starttime="20231113 23:08:04.746" endtime="20231113 23:08:04.746"/>
</kw>
<status status="PASS" starttime="20231113 23:08:04.746" endtime="20231113 23:08:04.746"/>
</test>
<test id="s1-s2-t2" name="Register With Already Taken Username And Valid Password" line="11">
<kw name="Input New Command And Create User" type="SETUP">
<kw name="Create User" library="AppLibrary">
<arg>kalle</arg>
<arg>kalle123</arg>
<status status="PASS" starttime="20231113 23:08:04.746" endtime="20231113 23:08:04.746"/>
</kw>
<kw name="Input New Command" library="resource">
<kw name="Input" library="AppLibrary">
<arg>new</arg>
<status status="PASS" starttime="20231113 23:08:04.746" endtime="20231113 23:08:04.746"/>
</kw>
<status status="PASS" starttime="20231113 23:08:04.746" endtime="20231113 23:08:04.746"/>
</kw>
<status status="PASS" starttime="20231113 23:08:04.746" endtime="20231113 23:08:04.746"/>
</kw>
<kw name="Input Credentials" library="resource">
<arg>kalle</arg>
<arg>321ellak</arg>
<kw name="Input" library="AppLibrary">
<arg>${username}</arg>
<status status="PASS" starttime="20231113 23:08:04.746" endtime="20231113 23:08:04.746"/>
</kw>
<kw name="Input" library="AppLibrary">
<arg>${password}</arg>
<status status="PASS" starttime="20231113 23:08:04.746" endtime="20231113 23:08:04.746"/>
</kw>
<kw name="Run Application" library="AppLibrary">
<status status="PASS" starttime="20231113 23:08:04.746" endtime="20231113 23:08:04.746"/>
</kw>
<status status="PASS" starttime="20231113 23:08:04.746" endtime="20231113 23:08:04.746"/>
</kw>
<kw name="Output Should Contain" library="AppLibrary">
<arg>User with username kalle already exists</arg>
<status status="PASS" starttime="20231113 23:08:04.746" endtime="20231113 23:08:04.746"/>
</kw>
<status status="PASS" starttime="20231113 23:08:04.746" endtime="20231113 23:08:04.746"/>
</test>
<test id="s1-s2-t3" name="Register With Too Short Username And Valid Password" line="16">
<kw name="Input New Command And Create User" type="SETUP">
<kw name="Create User" library="AppLibrary">
<arg>kalle</arg>
<arg>kalle123</arg>
<status status="PASS" starttime="20231113 23:08:04.746" endtime="20231113 23:08:04.746"/>
</kw>
<kw name="Input New Command" library="resource">
<kw name="Input" library="AppLibrary">
<arg>new</arg>
<status status="PASS" starttime="20231113 23:08:04.746" endtime="20231113 23:08:04.746"/>
</kw>
<status status="PASS" starttime="20231113 23:08:04.746" endtime="20231113 23:08:04.746"/>
</kw>
<status status="PASS" starttime="20231113 23:08:04.746" endtime="20231113 23:08:04.746"/>
</kw>
<kw name="Input Credentials" library="resource">
<arg>ka</arg>
<arg>321ellak</arg>
<kw name="Input" library="AppLibrary">
<arg>${username}</arg>
<status status="PASS" starttime="20231113 23:08:04.746" endtime="20231113 23:08:04.746"/>
</kw>
<kw name="Input" library="AppLibrary">
<arg>${password}</arg>
<status status="PASS" starttime="20231113 23:08:04.746" endtime="20231113 23:08:04.761"/>
</kw>
<kw name="Run Application" library="AppLibrary">
<status status="PASS" starttime="20231113 23:08:04.761" endtime="20231113 23:08:04.761"/>
</kw>
<status status="PASS" starttime="20231113 23:08:04.746" endtime="20231113 23:08:04.761"/>
</kw>
<kw name="Output Should Contain" library="AppLibrary">
<arg>Username too short. Minimum of 3 characters.</arg>
<status status="PASS" starttime="20231113 23:08:04.761" endtime="20231113 23:08:04.761"/>
</kw>
<status status="PASS" starttime="20231113 23:08:04.746" endtime="20231113 23:08:04.761"/>
</test>
<test id="s1-s2-t4" name="Register With Enough Long But Invald Username And Valid Password" line="21">
<kw name="Input New Command And Create User" type="SETUP">
<kw name="Create User" library="AppLibrary">
<arg>kalle</arg>
<arg>kalle123</arg>
<status status="PASS" starttime="20231113 23:08:04.761" endtime="20231113 23:08:04.761"/>
</kw>
<kw name="Input New Command" library="resource">
<kw name="Input" library="AppLibrary">
<arg>new</arg>
<status status="PASS" starttime="20231113 23:08:04.761" endtime="20231113 23:08:04.761"/>
</kw>
<status status="PASS" starttime="20231113 23:08:04.761" endtime="20231113 23:08:04.761"/>
</kw>
<status status="PASS" starttime="20231113 23:08:04.761" endtime="20231113 23:08:04.761"/>
</kw>
<kw name="Input Credentials" library="resource">
<arg>ka</arg>
<arg>321ellak</arg>
<kw name="Input" library="AppLibrary">
<arg>${username}</arg>
<status status="PASS" starttime="20231113 23:08:04.761" endtime="20231113 23:08:04.761"/>
</kw>
<kw name="Input" library="AppLibrary">
<arg>${password}</arg>
<status status="PASS" starttime="20231113 23:08:04.761" endtime="20231113 23:08:04.761"/>
</kw>
<kw name="Run Application" library="AppLibrary">
<status status="PASS" starttime="20231113 23:08:04.761" endtime="20231113 23:08:04.761"/>
</kw>
<status status="PASS" starttime="20231113 23:08:04.761" endtime="20231113 23:08:04.761"/>
</kw>
<kw name="Output Should Contain" library="AppLibrary">
<arg>Username too short. Minimum of 3 characters.</arg>
<status status="PASS" starttime="20231113 23:08:04.761" endtime="20231113 23:08:04.761"/>
</kw>
<status status="PASS" starttime="20231113 23:08:04.761" endtime="20231113 23:08:04.761"/>
</test>
<test id="s1-s2-t5" name="Register With Valid Username And Too Short Password" line="26">
<kw name="Input New Command And Create User" type="SETUP">
<kw name="Create User" library="AppLibrary">
<arg>kalle</arg>
<arg>kalle123</arg>
<status status="PASS" starttime="20231113 23:08:04.761" endtime="20231113 23:08:04.761"/>
</kw>
<kw name="Input New Command" library="resource">
<kw name="Input" library="AppLibrary">
<arg>new</arg>
<status status="PASS" starttime="20231113 23:08:04.761" endtime="20231113 23:08:04.761"/>
</kw>
<status status="PASS" starttime="20231113 23:08:04.761" endtime="20231113 23:08:04.761"/>
</kw>
<status status="PASS" starttime="20231113 23:08:04.761" endtime="20231113 23:08:04.761"/>
</kw>
<kw name="Input Credentials" library="resource">
<arg>ellak</arg>
<arg>ellak1</arg>
<kw name="Input" library="AppLibrary">
<arg>${username}</arg>
<status status="PASS" starttime="20231113 23:08:04.761" endtime="20231113 23:08:04.761"/>
</kw>
<kw name="Input" library="AppLibrary">
<arg>${password}</arg>
<status status="PASS" starttime="20231113 23:08:04.761" endtime="20231113 23:08:04.761"/>
</kw>
<kw name="Run Application" library="AppLibrary">
<status status="PASS" starttime="20231113 23:08:04.761" endtime="20231113 23:08:04.761"/>
</kw>
<status status="PASS" starttime="20231113 23:08:04.761" endtime="20231113 23:08:04.761"/>
</kw>
<kw name="Output Should Contain" library="AppLibrary">
<arg>Password too short.</arg>
<status status="PASS" starttime="20231113 23:08:04.761" endtime="20231113 23:08:04.761"/>
</kw>
<status status="PASS" starttime="20231113 23:08:04.761" endtime="20231113 23:08:04.761"/>
</test>
<test id="s1-s2-t6" name="Register With Valid Username And Long Enough Password Containing Only Letters" line="31">
<kw name="Input New Command And Create User" type="SETUP">
<kw name="Create User" library="AppLibrary">
<arg>kalle</arg>
<arg>kalle123</arg>
<status status="PASS" starttime="20231113 23:08:04.761" endtime="20231113 23:08:04.761"/>
</kw>
<kw name="Input New Command" library="resource">
<kw name="Input" library="AppLibrary">
<arg>new</arg>
<status status="PASS" starttime="20231113 23:08:04.761" endtime="20231113 23:08:04.761"/>
</kw>
<status status="PASS" starttime="20231113 23:08:04.761" endtime="20231113 23:08:04.761"/>
</kw>
<status status="PASS" starttime="20231113 23:08:04.761" endtime="20231113 23:08:04.761"/>
</kw>
<kw name="Input Credentials" library="resource">
<arg>ellak</arg>
<arg>ellakiswrong</arg>
<kw name="Input" library="AppLibrary">
<arg>${username}</arg>
<status status="PASS" starttime="20231113 23:08:04.761" endtime="20231113 23:08:04.761"/>
</kw>
<kw name="Input" library="AppLibrary">
<arg>${password}</arg>
<status status="PASS" starttime="20231113 23:08:04.761" endtime="20231113 23:08:04.761"/>
</kw>
<kw name="Run Application" library="AppLibrary">
<status status="PASS" starttime="20231113 23:08:04.761" endtime="20231113 23:08:04.761"/>
</kw>
<status status="PASS" starttime="20231113 23:08:04.761" endtime="20231113 23:08:04.761"/>
</kw>
<kw name="Output Should Contain" library="AppLibrary">
<arg>Password only contains letters.</arg>
<status status="PASS" starttime="20231113 23:08:04.761" endtime="20231113 23:08:04.761"/>
</kw>
<status status="PASS" starttime="20231113 23:08:04.761" endtime="20231113 23:08:04.761"/>
</test>
<status status="PASS" starttime="20231113 23:08:04.746" endtime="20231113 23:08:04.761"/>
</suite>
<status status="PASS" starttime="20231113 23:08:04.683" endtime="20231113 23:08:04.777"/>
</suite>
<statistics>
<total>
<stat pass="9" fail="0" skip="0">All Tests</stat>
</total>
<tag>
</tag>
<suite>
<stat pass="9" fail="0" skip="0" id="s1" name="Tests">Tests</stat>
<stat pass="3" fail="0" skip="0" id="s1-s1" name="Login">Tests.Login</stat>
<stat pass="6" fail="0" skip="0" id="s1-s2" name="Register">Tests.Register</stat>
</suite>
</statistics>
<errors>
</errors>
</robot>
