<?xml version="1.0" encoding="UTF-8"?>
<robot generator="Robot 6.1.1 (Python 3.10.7 on win32)" generated="20231113 17:02:50.649" rpa="false" schemaversion="4">
<suite id="s1" name="Tests" source="C:\Users\99pat\ohtu23\viikko3\login-robot\src\tests">
<suite id="s1-s1" name="Login" source="C:\Users\99pat\ohtu23\viikko3\login-robot\src\tests\login.robot">
<test id="s1-s1-t1" name="Login With Correct Credentials" line="6">
<kw name="Create User And Input Login Command" type="SETUP">
<kw name="Create User" library="AppLibrary">
<arg>kalle</arg>
<arg>kalle123</arg>
<status status="PASS" starttime="20231113 17:02:50.680" endtime="20231113 17:02:50.680"/>
</kw>
<kw name="Input Login Command" library="resource">
<kw name="Input" library="AppLibrary">
<arg>login</arg>
<status status="PASS" starttime="20231113 17:02:50.680" endtime="20231113 17:02:50.680"/>
</kw>
<status status="PASS" starttime="20231113 17:02:50.680" endtime="20231113 17:02:50.680"/>
</kw>
<status status="PASS" starttime="20231113 17:02:50.680" endtime="20231113 17:02:50.680"/>
</kw>
<kw name="Input Credentials" library="resource">
<arg>kalle</arg>
<arg>kalle123</arg>
<kw name="Input" library="AppLibrary">
<arg>${username}</arg>
<status status="PASS" starttime="20231113 17:02:50.680" endtime="20231113 17:02:50.680"/>
</kw>
<kw name="Input" library="AppLibrary">
<arg>${password}</arg>
<status status="PASS" starttime="20231113 17:02:50.680" endtime="20231113 17:02:50.680"/>
</kw>
<kw name="Run Application" library="AppLibrary">
<status status="PASS" starttime="20231113 17:02:50.680" endtime="20231113 17:02:50.680"/>
</kw>
<status status="PASS" starttime="20231113 17:02:50.680" endtime="20231113 17:02:50.680"/>
</kw>
<kw name="Output Should Contain" library="AppLibrary">
<arg>Logged in</arg>
<status status="PASS" starttime="20231113 17:02:50.680" endtime="20231113 17:02:50.680"/>
</kw>
<status status="PASS" starttime="20231113 17:02:50.680" endtime="20231113 17:02:50.680"/>
</test>
<test id="s1-s1-t2" name="Login With Incorrect Password" line="16">
<kw name="Create User And Input Login Command" type="SETUP">
<kw name="Create User" library="AppLibrary">
<arg>kalle</arg>
<arg>kalle123</arg>
<status status="PASS" starttime="20231113 17:02:50.680" endtime="20231113 17:02:50.680"/>
</kw>
<kw name="Input Login Command" library="resource">
<kw name="Input" library="AppLibrary">
<arg>login</arg>
<status status="PASS" starttime="20231113 17:02:50.680" endtime="20231113 17:02:50.680"/>
</kw>
<status status="PASS" starttime="20231113 17:02:50.680" endtime="20231113 17:02:50.680"/>
</kw>
<status status="PASS" starttime="20231113 17:02:50.680" endtime="20231113 17:02:50.680"/>
</kw>
<kw name="Input Credentials" library="resource">
<arg>kalle</arg>
<arg>ellak321</arg>
<kw name="Input" library="AppLibrary">
<arg>${username}</arg>
<status status="PASS" starttime="20231113 17:02:50.680" endtime="20231113 17:02:50.680"/>
</kw>
<kw name="Input" library="AppLibrary">
<arg>${password}</arg>
<status status="PASS" starttime="20231113 17:02:50.680" endtime="20231113 17:02:50.680"/>
</kw>
<kw name="Run Application" library="AppLibrary">
<status status="PASS" starttime="20231113 17:02:50.680" endtime="20231113 17:02:50.680"/>
</kw>
<status status="PASS" starttime="20231113 17:02:50.680" endtime="20231113 17:02:50.680"/>
</kw>
<kw name="Output Should Contain" library="AppLibrary">
<arg>Invalid username or password</arg>
<status status="PASS" starttime="20231113 17:02:50.696" endtime="20231113 17:02:50.696"/>
</kw>
<status status="PASS" starttime="20231113 17:02:50.680" endtime="20231113 17:02:50.696"/>
</test>
<test id="s1-s1-t3" name="Login With Nonexistent Username" line="21">
<kw name="Create User And Input Login Command" type="SETUP">
<kw name="Create User" library="AppLibrary">
<arg>kalle</arg>
<arg>kalle123</arg>
<status status="PASS" starttime="20231113 17:02:50.696" endtime="20231113 17:02:50.696"/>
</kw>
<kw name="Input Login Command" library="resource">
<kw name="Input" library="AppLibrary">
<arg>login</arg>
<status status="PASS" starttime="20231113 17:02:50.696" endtime="20231113 17:02:50.696"/>
</kw>
<status status="PASS" starttime="20231113 17:02:50.696" endtime="20231113 17:02:50.696"/>
</kw>
<status status="PASS" starttime="20231113 17:02:50.696" endtime="20231113 17:02:50.696"/>
</kw>
<kw name="Input Credentials" library="resource">
<arg>ellak</arg>
<arg>ellak321</arg>
<kw name="Input" library="AppLibrary">
<arg>${username}</arg>
<status status="PASS" starttime="20231113 17:02:50.696" endtime="20231113 17:02:50.696"/>
</kw>
<kw name="Input" library="AppLibrary">
<arg>${password}</arg>
<status status="PASS" starttime="20231113 17:02:50.696" endtime="20231113 17:02:50.696"/>
</kw>
<kw name="Run Application" library="AppLibrary">
<status status="PASS" starttime="20231113 17:02:50.696" endtime="20231113 17:02:50.696"/>
</kw>
<status status="PASS" starttime="20231113 17:02:50.696" endtime="20231113 17:02:50.696"/>
</kw>
<kw name="Output Should Contain" library="AppLibrary">
<arg>Invalid username or password</arg>
<status status="PASS" starttime="20231113 17:02:50.696" endtime="20231113 17:02:50.696"/>
</kw>
<status status="PASS" starttime="20231113 17:02:50.696" endtime="20231113 17:02:50.696"/>
</test>
<status status="PASS" starttime="20231113 17:02:50.665" endtime="20231113 17:02:50.696"/>
</suite>
<suite id="s1-s2" name="Register" source="C:\Users\99pat\ohtu23\viikko3\login-robot\src\tests\register.robot">
<test id="s1-s2-t1" name="Register With Valid Username And Password" line="6">
<kw name="Create User And Input Login Command" type="SETUP">
<msg timestamp="20231113 17:02:50.712" level="FAIL">No keyword with name 'Create User And Input Login Command' found. Did you try using keyword 'AppLibrary.Create User' and forgot to use enough whitespace between keyword and arguments?</msg>
<status status="FAIL" starttime="20231113 17:02:50.712" endtime="20231113 17:02:50.712"/>
</kw>
<status status="FAIL" starttime="20231113 17:02:50.696" endtime="20231113 17:02:50.712">Setup failed:
No keyword with name 'Create User And Input Login Command' found. Did you try using keyword 'AppLibrary.Create User' and forgot to use enough whitespace between keyword and arguments?</status>
</test>
<status status="FAIL" starttime="20231113 17:02:50.696" endtime="20231113 17:02:50.712"/>
</suite>
<status status="FAIL" starttime="20231113 17:02:50.649" endtime="20231113 17:02:50.712"/>
</suite>
<statistics>
<total>
<stat pass="3" fail="1" skip="0">All Tests</stat>
</total>
<tag>
</tag>
<suite>
<stat pass="3" fail="1" skip="0" id="s1" name="Tests">Tests</stat>
<stat pass="3" fail="0" skip="0" id="s1-s1" name="Login">Tests.Login</stat>
<stat pass="0" fail="1" skip="0" id="s1-s2" name="Register">Tests.Register</stat>
</suite>
</statistics>
<errors>
</errors>
</robot>
