<?xml version="1.0" encoding="UTF-8"?>
<robot generator="Robot 6.1.1 (Python 3.10.7 on win32)" generated="20231113 16:36:53.235" rpa="false" schemaversion="4">
<suite id="s1" name="Tests" source="C:\Users\99pat\ohtu23\viikko3\login-robot\src\tests">
<suite id="s1-s1" name="Login" source="C:\Users\99pat\ohtu23\viikko3\login-robot\src\tests\login.robot">
<test id="s1-s1-t1" name="Login With Correct Credentials" line="6">
<kw name="Create User And Input Login Command" type="SETUP">
<kw name="Create User" library="AppLibrary">
<arg>kalle</arg>
<arg>kalle123</arg>
<status status="PASS" starttime="20231113 16:36:53.266" endtime="20231113 16:36:53.266"/>
</kw>
<kw name="Input Login Command" library="resource">
<kw name="Input" library="AppLibrary">
<arg>login</arg>
<status status="PASS" starttime="20231113 16:36:53.266" endtime="20231113 16:36:53.266"/>
</kw>
<status status="PASS" starttime="20231113 16:36:53.266" endtime="20231113 16:36:53.266"/>
</kw>
<status status="PASS" starttime="20231113 16:36:53.266" endtime="20231113 16:36:53.266"/>
</kw>
<kw name="Input Credentials" library="resource">
<arg>kalle</arg>
<arg>kalle123</arg>
<kw name="Input" library="AppLibrary">
<arg>${username}</arg>
<status status="PASS" starttime="20231113 16:36:53.266" endtime="20231113 16:36:53.266"/>
</kw>
<kw name="Input" library="AppLibrary">
<arg>${password}</arg>
<status status="PASS" starttime="20231113 16:36:53.266" endtime="20231113 16:36:53.266"/>
</kw>
<kw name="Run Application" library="AppLibrary">
<status status="PASS" starttime="20231113 16:36:53.266" endtime="20231113 16:36:53.266"/>
</kw>
<status status="PASS" starttime="20231113 16:36:53.266" endtime="20231113 16:36:53.266"/>
</kw>
<kw name="Output Should Contain" library="AppLibrary">
<arg>Logged in</arg>
<status status="PASS" starttime="20231113 16:36:53.266" endtime="20231113 16:36:53.266"/>
</kw>
<status status="PASS" starttime="20231113 16:36:53.266" endtime="20231113 16:36:53.266"/>
</test>
<test id="s1-s1-t2" name="Login With Incorrect Password" line="16">
<kw name="Create User And Input Login Command" type="SETUP">
<kw name="Create User" library="AppLibrary">
<arg>kalle</arg>
<arg>kalle123</arg>
<status status="PASS" starttime="20231113 16:36:53.281" endtime="20231113 16:36:53.281"/>
</kw>
<kw name="Input Login Command" library="resource">
<kw name="Input" library="AppLibrary">
<arg>login</arg>
<status status="PASS" starttime="20231113 16:36:53.281" endtime="20231113 16:36:53.281"/>
</kw>
<status status="PASS" starttime="20231113 16:36:53.281" endtime="20231113 16:36:53.281"/>
</kw>
<status status="PASS" starttime="20231113 16:36:53.281" endtime="20231113 16:36:53.281"/>
</kw>
<kw name="Input Credentials" library="resource">
<arg>kalle</arg>
<arg>ellak321</arg>
<kw name="Input" library="AppLibrary">
<arg>${username}</arg>
<status status="PASS" starttime="20231113 16:36:53.281" endtime="20231113 16:36:53.281"/>
</kw>
<kw name="Input" library="AppLibrary">
<arg>${password}</arg>
<status status="PASS" starttime="20231113 16:36:53.281" endtime="20231113 16:36:53.281"/>
</kw>
<kw name="Run Application" library="AppLibrary">
<status status="PASS" starttime="20231113 16:36:53.281" endtime="20231113 16:36:53.281"/>
</kw>
<status status="PASS" starttime="20231113 16:36:53.281" endtime="20231113 16:36:53.281"/>
</kw>
<kw name="Output Should Contain" library="AppLibrary">
<arg>Invalid username or password</arg>
<status status="PASS" starttime="20231113 16:36:53.281" endtime="20231113 16:36:53.281"/>
</kw>
<status status="PASS" starttime="20231113 16:36:53.266" endtime="20231113 16:36:53.281"/>
</test>
<test id="s1-s1-t3" name="Login With Nonexistent Username" line="21">
<kw name="Create User And Input Login Command" type="SETUP">
<kw name="Create User" library="AppLibrary">
<arg>kalle</arg>
<arg>kalle123</arg>
<status status="PASS" starttime="20231113 16:36:53.281" endtime="20231113 16:36:53.281"/>
</kw>
<kw name="Input Login Command" library="resource">
<kw name="Input" library="AppLibrary">
<arg>login</arg>
<status status="PASS" starttime="20231113 16:36:53.281" endtime="20231113 16:36:53.281"/>
</kw>
<status status="PASS" starttime="20231113 16:36:53.281" endtime="20231113 16:36:53.281"/>
</kw>
<status status="PASS" starttime="20231113 16:36:53.281" endtime="20231113 16:36:53.281"/>
</kw>
<kw name="Input Credentials" library="resource">
<arg>ellak</arg>
<arg>ellak321</arg>
<kw name="Input" library="AppLibrary">
<arg>${username}</arg>
<status status="PASS" starttime="20231113 16:36:53.281" endtime="20231113 16:36:53.281"/>
</kw>
<kw name="Input" library="AppLibrary">
<arg>${password}</arg>
<status status="PASS" starttime="20231113 16:36:53.281" endtime="20231113 16:36:53.281"/>
</kw>
<kw name="Run Application" library="AppLibrary">
<status status="PASS" starttime="20231113 16:36:53.281" endtime="20231113 16:36:53.281"/>
</kw>
<status status="PASS" starttime="20231113 16:36:53.281" endtime="20231113 16:36:53.281"/>
</kw>
<kw name="Output Should Contain" library="AppLibrary">
<arg>Invalid username or password</arg>
<status status="PASS" starttime="20231113 16:36:53.281" endtime="20231113 16:36:53.281"/>
</kw>
<status status="PASS" starttime="20231113 16:36:53.281" endtime="20231113 16:36:53.281"/>
</test>
<status status="PASS" starttime="20231113 16:36:53.250" endtime="20231113 16:36:53.281"/>
</suite>
<status status="PASS" starttime="20231113 16:36:53.235" endtime="20231113 16:36:53.281"/>
</suite>
<statistics>
<total>
<stat pass="3" fail="0" skip="0">All Tests</stat>
</total>
<tag>
</tag>
<suite>
<stat pass="3" fail="0" skip="0" id="s1" name="Tests">Tests</stat>
<stat pass="3" fail="0" skip="0" id="s1-s1" name="Login">Tests.Login</stat>
</suite>
</statistics>
<errors>
</errors>
</robot>
